Drill Listing
=============
Drill: .012  Tool: 1  Feed: 95  Speed: 300
X 580687  Y 551189
X 580687  Y 548689
X 580687  Y 546189
X 583187  Y 551189
X 583187  Y 546189
X 583187  Y 548689
X 585687  Y 548689
X 585687  Y 551189
X 585687  Y 546189

Drill: .016  Tool: 2  Feed: 95  Speed: 300
X 505000  Y 503800
X 505699  Y 522214
X 505700  Y 513000
X 515440  Y 510374
X 515500  Y 503800
X 517640  Y 526774
X 525440  Y 510374
X 525500  Y 503800
X 525500  Y 521000
X 535500  Y 503800
X 535640  Y 510374
X 543040  Y 518974
X 543240  Y 528574
X 545500  Y 503800
X 545540  Y 510374
X 551040  Y 519074
X 554000  Y 528600
X 555440  Y 510374
X 555500  Y 503800
X 556840  Y 519074
X 560900  Y 528600
X 563340  Y 519074
X 565500  Y 503800
X 574740  Y 518974
X 575440  Y 510374
X 575500  Y 503800
X 581740  Y 518974
X 585500  Y 503800
X 588840  Y 518974
X 595340  Y 510374
X 595500  Y 503800
X 598700  Y 519000
X 604440  Y 518974
X 605340  Y 510374
X 605500  Y 503800
X 610100  Y 519100
X 615340  Y 510374
X 615500  Y 503800
X 617500  Y 524400
X 618840  Y 519074
X 625440  Y 510374
X 625500  Y 503800
X 633240  Y 519074
X 635600  Y 503800
X 643599  Y 527114
X 645500  Y 503900
X 654799  Y 518914
X 655899  Y 523914
X 656000  Y 512500
X 656000  Y 503800
X 657000  Y 532500
X 657000  Y 542500
X 657000  Y 552500
X 644800  Y 548400
X 644800  Y 543900
X 643599  Y 532214
X 643100  Y 540000
X 627100  Y 545000
X 626900  Y 533700
X 626900  Y 537700
X 626300  Y 553100
X 626300  Y 549000
X 624600  Y 530300
X 618100  Y 532300
X 618100  Y 536300
X 616700  Y 542900
X 616500  Y 547100
X 610840  Y 531774
X 609140  Y 535474
X 607140  Y 552574
X 606940  Y 548274
X 604999  Y 533114
X 602700  Y 549500
X 600440  Y 534874
X 596300  Y 533200
X 592640  Y 539774
X 592100  Y 533200
X 587900  Y 533200
X 584800  Y 530200
X 582400  Y 533800
X 581200  Y 530200
X 578340  Y 533174
X 574240  Y 533174
X 570140  Y 533174
X 568100  Y 540000
X 566040  Y 533174
X 562400  Y 544600
X 561440  Y 536274
X 557599  Y 539814
X 552799  Y 551414
X 552499  Y 544514
X 549500  Y 536900
X 542499  Y 541714
X 541940  Y 547074
X 541940  Y 535074
X 537900  Y 551414
X 537900  Y 530900
X 533740  Y 540174
X 533740  Y 533074
X 533400  Y 550200
X 518040  Y 536074
X 518040  Y 531974
X 518000  Y 547200
X 517940  Y 540574
X 504500  Y 542500
X 504500  Y 532500
X 504500  Y 552500
X 504500  Y 562500
X 504500  Y 572500
X 517840  Y 571174
X 518000  Y 554500
X 518040  Y 562374
X 533140  Y 565474
X 533300  Y 575500
X 533399  Y 558114
X 540599  Y 558314
X 543140  Y 565474
X 543140  Y 575474
X 546140  Y 558874
X 550540  Y 561474
X 551599  Y 557614
X 553140  Y 575474
X 554436  Y 565808
X 558336  Y 569508
X 560400  Y 558600
X 561540  Y 565974
X 562340  Y 570474
X 563140  Y 575474
X 565099  Y 558614
X 566236  Y 569308
X 568500  Y 572700
X 568999  Y 558614
X 571200  Y 576400
X 571900  Y 569600
X 571900  Y 565800
X 573799  Y 557614
X 581300  Y 578000
X 587300  Y 574100
X 591100  Y 555800
X 592300  Y 561500
X 593140  Y 575474
X 594700  Y 569300
X 596800  Y 561600
X 598200  Y 565400
X 603140  Y 575474
X 603300  Y 565000
X 607100  Y 559100
X 610900  Y 566300
X 613140  Y 575474
X 616500  Y 554900
X 618340  Y 568274
X 619200  Y 558100
X 623140  Y 575474
X 623200  Y 559200
X 623400  Y 569000
X 624200  Y 563200
X 626800  Y 557200
X 637999  Y 576614
X 643540  Y 572174
X 643740  Y 561374
X 643740  Y 565574
X 643799  Y 557214
X 657000  Y 562500
X 657000  Y 572500
X 653140  Y 585474
X 653140  Y 595474
X 643140  Y 585474
X 643140  Y 595474
X 631400  Y 589300
X 623140  Y 595474
X 623140  Y 585474
X 613140  Y 585474
X 613140  Y 595474
X 603140  Y 595474
X 603140  Y 585474
X 593140  Y 595474
X 593140  Y 585474
X 588600  Y 580900
X 588300  Y 590300
X 581500  Y 601200
X 581200  Y 586800
X 581200  Y 582600
X 581000  Y 596800
X 581000  Y 591500
X 571100  Y 587300
X 571100  Y 591300
X 571000  Y 598800
X 571000  Y 580300
X 568800  Y 594900
X 568800  Y 583800
X 563140  Y 585474
X 563140  Y 595508
X 553140  Y 595474
X 553140  Y 585474
X 543140  Y 595474
X 543140  Y 585474
X 533300  Y 595500
X 533200  Y 585500
X 528900  Y 589300
X 519240  Y 584174
X 510840  Y 595174
X 510440  Y 588174
X 505600  Y 584000
X 505600  Y 595500
X 505500  Y 607200
X 508199  Y 611514
X 508699  Y 619214
X 511599  Y 614514
X 513140  Y 625474
X 521199  Y 615814
X 522499  Y 624914
X 528800  Y 612200
X 533300  Y 605500
X 533300  Y 615400
X 533600  Y 623400
X 543140  Y 605474
X 543140  Y 615474
X 543300  Y 623800
X 544300  Y 628400
X 553140  Y 605474
X 553140  Y 615474
X 553900  Y 623700
X 563500  Y 605600
X 563700  Y 623500
X 563700  Y 615200
X 567800  Y 628400
X 571300  Y 604500
X 574400  Y 609000
X 575200  Y 615700
X 575200  Y 623200
X 580600  Y 607700
X 585900  Y 607500
X 585900  Y 615600
X 585900  Y 623400
X 591500  Y 628000
X 593140  Y 605474
X 594100  Y 615400
X 594300  Y 623500
X 603000  Y 623600
X 603140  Y 615474
X 603140  Y 605474
X 613100  Y 623900
X 613140  Y 605474
X 613140  Y 615474
X 615200  Y 628100
X 623100  Y 623600
X 623140  Y 605474
X 623140  Y 615474
X 631200  Y 612400
X 643140  Y 625474
X 643140  Y 615474
X 643140  Y 605474
X 653140  Y 605474
X 653140  Y 615474
X 653140  Y 625474
X 653140  Y 645474
X 653140  Y 635474
X 643140  Y 635474
X 643140  Y 645474
X 633140  Y 645474
X 633140  Y 635474
X 623140  Y 645474
X 623140  Y 635474
X 613140  Y 645474
X 613140  Y 635474
X 603140  Y 645474
X 603140  Y 635474
X 593140  Y 635474
X 586000  Y 635500
X 575500  Y 635500
X 561600  Y 645700
X 560640  Y 635474
X 552755  Y 645669
X 552140  Y 635474
X 543140  Y 635474
X 543140  Y 645474
X 533140  Y 645474
X 533140  Y 635474
X 523140  Y 635474
X 523140  Y 645474
X 513140  Y 645474
X 513140  Y 635474
X 533140  Y 665474
X 533140  Y 655474
X 543140  Y 665474
X 543140  Y 655474
X 553140  Y 655474
X 553300  Y 665700
X 563100  Y 655500
X 593140  Y 655474
X 603140  Y 655474
X 603140  Y 665474
X 613140  Y 655474
X 613140  Y 665474
X 623140  Y 665474
X 623140  Y 655474

Drill: .01969  Tool: 3  Feed: 95  Speed: 300
X 513819  Y 604462

Drill: .035  Tool: 4  Feed: 197  Speed: 550
X 510487  Y 506789
X 520487  Y 506789
X 530487  Y 506789
X 540487  Y 506789
X 550487  Y 506789
X 560487  Y 506789
X 570487  Y 506789
X 580487  Y 506789
X 590487  Y 506789
X 600487  Y 506789
X 610487  Y 506789
X 620487  Y 506789
X 630487  Y 506789
X 640487  Y 506789
X 650487  Y 506789

Drill: .039  Tool: 5  Feed: 197  Speed: 550
X 518036  Y 521214
X 643536  Y 521214

Drill: .055  Tool: 6  Feed: 107  Speed: 550
X 580708  Y 655301

Drill: .055  Tool: 7  Feed: 107  Speed: 550
X 518036  Y 578214
X 643536  Y 578214

Drill: .06  Tool: 8  Feed: 89  Speed: 550
X 570708  Y 645301
X 590708  Y 645301
X 590708  Y 665301
X 570708  Y 665301

Drill: .2  Tool: 9  Feed: 0  Speed: 0
X 517000  Y 660600
X 643900  Y 660600

End of Listing
